<?xml version="1.0" encoding="UTF-8"?>
<!-- Generated by org.testng.reporters.JUnitReportReporter -->
<testsuite hostname="Harsh" failures="0" tests="1" name="TestRunner.TestRunner" time="92.197" errors="0" timestamp="2023-08-07T08:40:58 BST" skipped="0">
  <testcase classname="TestRunner.TestRunner" name="runScenario" time="92.197"/>
  <system-out/>
</testsuite> <!-- TestRunner.TestRunner -->
